<?xml version="1.0" encoding="UTF-8"?>
<!-- Generated by org.testng.reporters.JUnitReportReporter -->
<testsuite hostname="DESKTOP-ROLOOPG" failures="0" tests="1" name="SeleniumGrid.EdgeTest" time="122.367" errors="0" timestamp="2024-07-25T12:50:08 CDT" skipped="0">
  <testcase classname="SeleniumGrid.EdgeTest" name="EdgeNodeTest" time="122.367"/>
  <system-out/>
</testsuite> <!-- SeleniumGrid.EdgeTest -->
