<?xml version="1.0" encoding="UTF-8"?>
<!-- Generated by org.testng.reporters.JUnitReportReporter -->
<testsuite hostname="DESKTOP-ROLOOPG" failures="0" tests="1" name="SeleniumGrid.FireFoxTest" time="125.304" errors="0" timestamp="2024-07-25T12:50:08 CDT" skipped="0">
  <testcase classname="SeleniumGrid.FireFoxTest" name="FireFoxNodeTest" time="125.304"/>
  <system-out/>
</testsuite> <!-- SeleniumGrid.FireFoxTest -->
